<?xml version="1.0" encoding="UTF-8"?>
<!-- Generated by org.testng.reporters.JUnitReportReporter -->
<testsuite hostname="REM-LT-210419C" failures="0" tests="1" name="execution.TestCase" time="37.631" errors="0" timestamp="27 May 2021 23:46:09 GMT" skipped="0">
  <testcase classname="execution.TestCase" name="testCase" time="37.631"/>
</testsuite> <!-- execution.TestCase -->
